# JRE version: OpenJDK Runtime Environment (21.0.6+7) (build 21.0.6+7-Ubuntu-124.04.1)
# Java VM: OpenJDK 64-Bit Server VM (21.0.6+7-Ubuntu-124.04.1, mixed mode, sharing, tiered, compressed oops, compressed class ptrs, g1 gc, linux-amd64)
GC Precious Log:
 CardTable entry size: 512
 Card Set container configuration: InlinePtr #cards 3 size 8 Array Of Cards #cards 128 size 272 Howl #buckets 8 coarsen threshold 29491 Howl Bitmap #cards 4096 size 528 coarsen threshold 3686 Card regions per heap region 1 cards per card region 32768
 CPUs: 32 total, 12 available
 Memory: 80348M
 Large Page Support: Disabled
 NUMA Support: Disabled
 Compressed Oops: Enabled (Zero based)
 Heap Region Size: 16M
 Heap Min Capacity: 16M
 Heap Initial Capacity: 1264M
 Heap Max Capacity: 20096M
 Pre-touch: Disabled
 Parallel Workers: 10
 Concurrent Workers: 3
 Concurrent Refinement Workers: 10
 Periodic GC: Disabled
Heap:
 garbage-first heap   total 770048K, used 120368K [0x0000000318000000, 0x0000000800000000)
  region size 16384K, 3 young (49152K), 1 survivors (16384K)
 Metaspace       used 30398K, committed 30976K, reserved 1114112K
  class space    used 3441K, committed 3712K, reserved 1048576K
GC Heap History (12 events):
Event: 0.899 GC heap before
{Heap before GC invocations=0 (full 0):
 garbage-first heap   total 1310720K, used 50225K [0x0000000318000000, 0x0000000800000000)
  region size 16384K, 3 young (49152K), 0 survivors (0K)
 Metaspace       used 14780K, committed 15040K, reserved 1114112K
  class space    used 1689K, committed 1792K, reserved 1048576K
}
Event: 0.911 GC heap after
{Heap after GC invocations=1 (full 0):
 garbage-first heap   total 1310720K, used 10970K [0x0000000318000000, 0x0000000800000000)
  region size 16384K, 1 young (16384K), 1 survivors (16384K)
 Metaspace       used 14780K, committed 15040K, reserved 1114112K
  class space    used 1689K, committed 1792K, reserved 1048576K
}
Event: 5.773 GC heap before
{Heap before GC invocations=1 (full 0):
 garbage-first heap   total 1310720K, used 27354K [0x0000000318000000, 0x0000000800000000)
  region size 16384K, 3 young (49152K), 1 survivors (16384K)
 Metaspace       used 21159K, committed 21504K, reserved 1114112K
  class space    used 2436K, committed 2624K, reserved 1048576K
}
Event: 5.778 GC heap after
{Heap after GC invocations=2 (full 0):
 garbage-first heap   total 1310720K, used 13387K [0x0000000318000000, 0x0000000800000000)
  region size 16384K, 1 young (16384K), 1 survivors (16384K)
 Metaspace       used 21159K, committed 21504K, reserved 1114112K
  class space    used 2436K, committed 2624K, reserved 1048576K
}
Event: 7.978 GC heap before
{Heap before GC invocations=3 (full 0):
 garbage-first heap   total 163840K, used 46155K [0x0000000318000000, 0x0000000800000000)
  region size 16384K, 3 young (49152K), 1 survivors (16384K)
 Metaspace       used 24745K, committed 25152K, reserved 1114112K
  class space    used 2841K, committed 3008K, reserved 1048576K
}
Event: 7.985 GC heap after
{Heap after GC invocations=4 (full 0):
 garbage-first heap   total 163840K, used 13826K [0x0000000318000000, 0x0000000800000000)
  region size 16384K, 1 young (16384K), 1 survivors (16384K)
 Metaspace       used 24745K, committed 25152K, reserved 1114112K
  class space    used 2841K, committed 3008K, reserved 1048576K
}
Event: 8.878 GC heap before
{Heap before GC invocations=4 (full 0):
 garbage-first heap   total 163840K, used 46594K [0x0000000318000000, 0x0000000800000000)
  region size 16384K, 4 young (65536K), 1 survivors (16384K)
 Metaspace       used 29386K, committed 29760K, reserved 1114112K
  class space    used 3375K, committed 3520K, reserved 1048576K
}
Event: 8.894 GC heap after
{Heap after GC invocations=5 (full 0):
 garbage-first heap   total 163840K, used 51272K [0x0000000318000000, 0x0000000800000000)
  region size 16384K, 1 young (16384K), 1 survivors (16384K)
 Metaspace       used 29386K, committed 29760K, reserved 1114112K
  class space    used 3375K, committed 3520K, reserved 1048576K
}
Event: 9.064 GC heap before
{Heap before GC invocations=5 (full 0):
 garbage-first heap   total 163840K, used 84040K [0x0000000318000000, 0x0000000800000000)
  region size 16384K, 4 young (65536K), 1 survivors (16384K)
 Metaspace       used 29478K, committed 29888K, reserved 1114112K
  class space    used 3382K, committed 3584K, reserved 1048576K
}
Event: 9.078 GC heap after
{Heap after GC invocations=6 (full 0):
 garbage-first heap   total 180224K, used 100922K [0x0000000318000000, 0x0000000800000000)
  region size 16384K, 1 young (16384K), 1 survivors (16384K)
 Metaspace       used 29478K, committed 29888K, reserved 1114112K
  class space    used 3382K, committed 3584K, reserved 1048576K
}
Event: 14.424 GC heap before
{Heap before GC invocations=7 (full 0):
 garbage-first heap   total 245760K, used 150074K [0x0000000318000000, 0x0000000800000000)
  region size 16384K, 2 young (32768K), 1 survivors (16384K)
 Metaspace       used 30002K, committed 30464K, reserved 1114112K
  class space    used 3395K, committed 3648K, reserved 1048576K
}
Event: 14.433 GC heap after
{Heap after GC invocations=8 (full 0):
 garbage-first heap   total 770048K, used 103984K [0x0000000318000000, 0x0000000800000000)
  region size 16384K, 1 young (16384K), 1 survivors (16384K)
 Metaspace       used 30002K, committed 30464K, reserved 1114112K
  class space    used 3395K, committed 3648K, reserved 1048576K
}

