# JRE version: OpenJDK Runtime Environment (21.0.6+7) (build 21.0.6+7-Ubuntu-124.04.1)
# Java VM: OpenJDK 64-Bit Server VM (21.0.6+7-Ubuntu-124.04.1, mixed mode, sharing, tiered, compressed oops, compressed class ptrs, g1 gc, linux-amd64)
GC Precious Log:
 CardTable entry size: 512
 Card Set container configuration: InlinePtr #cards 3 size 8 Array Of Cards #cards 128 size 272 Howl #buckets 8 coarsen threshold 29491 Howl Bitmap #cards 4096 size 528 coarsen threshold 3686 Card regions per heap region 1 cards per card region 32768
 CPUs: 32 total, 12 available
 Memory: 80348M
 Large Page Support: Disabled
 NUMA Support: Disabled
 Compressed Oops: Enabled (Zero based)
 Heap Region Size: 16M
 Heap Min Capacity: 16M
 Heap Initial Capacity: 1264M
 Heap Max Capacity: 20096M
 Pre-touch: Disabled
 Parallel Workers: 10
 Concurrent Workers: 3
 Concurrent Refinement Workers: 10
 Periodic GC: Disabled
Heap:
 garbage-first heap   total 163840K, used 46440K [0x0000000318000000, 0x0000000800000000)
  region size 16384K, 4 young (65536K), 1 survivors (16384K)
 Metaspace       used 24890K, committed 25472K, reserved 1114112K
  class space    used 2853K, committed 3136K, reserved 1048576K
GC Heap History (6 events):
Event: 0.508 GC heap before
{Heap before GC invocations=0 (full 0):
 garbage-first heap   total 1310720K, used 50225K [0x0000000318000000, 0x0000000800000000)
  region size 16384K, 3 young (49152K), 0 survivors (0K)
 Metaspace       used 14563K, committed 14848K, reserved 1114112K
  class space    used 1662K, committed 1792K, reserved 1048576K
}
Event: 0.513 GC heap after
{Heap after GC invocations=1 (full 0):
 garbage-first heap   total 1310720K, used 10857K [0x0000000318000000, 0x0000000800000000)
  region size 16384K, 1 young (16384K), 1 survivors (16384K)
 Metaspace       used 14563K, committed 14848K, reserved 1114112K
  class space    used 1662K, committed 1792K, reserved 1048576K
}
Event: 3.177 GC heap before
{Heap before GC invocations=1 (full 0):
 garbage-first heap   total 1310720K, used 27241K [0x0000000318000000, 0x0000000800000000)
  region size 16384K, 3 young (49152K), 1 survivors (16384K)
 Metaspace       used 21143K, committed 21504K, reserved 1114112K
  class space    used 2458K, committed 2624K, reserved 1048576K
}
Event: 3.183 GC heap after
{Heap after GC invocations=2 (full 0):
 garbage-first heap   total 1310720K, used 13525K [0x0000000318000000, 0x0000000800000000)
  region size 16384K, 1 young (16384K), 1 survivors (16384K)
 Metaspace       used 21143K, committed 21504K, reserved 1114112K
  class space    used 2458K, committed 2624K, reserved 1048576K
}
Event: 29.838 GC heap before
{Heap before GC invocations=3 (full 0):
 garbage-first heap   total 163840K, used 46293K [0x0000000318000000, 0x0000000800000000)
  region size 16384K, 3 young (49152K), 1 survivors (16384K)
 Metaspace       used 22484K, committed 22848K, reserved 1114112K
  class space    used 2514K, committed 2688K, reserved 1048576K
}
Event: 29.840 GC heap after
{Heap after GC invocations=4 (full 0):
 garbage-first heap   total 163840K, used 13672K [0x0000000318000000, 0x0000000800000000)
  region size 16384K, 1 young (16384K), 1 survivors (16384K)
 Metaspace       used 22484K, committed 22848K, reserved 1114112K
  class space    used 2514K, committed 2688K, reserved 1048576K
}

